2023-09-30 00:14:13,503 [DEBUG]: Starting new HTTPS connection (1): api.telegram.org:443
2023-09-30 00:14:14,036 [DEBUG]: https://api.telegram.org:443 "POST /bot6653012970:AAHsODmDd2tVP35p7h6MOzl0I0Hq3F4aQQg/sendMessage HTTP/1.1" 200 1101
2023-09-30 00:14:38,097 [DEBUG]: Starting new HTTPS connection (1): api.telegram.org:443
2023-09-30 00:14:38,677 [DEBUG]: https://api.telegram.org:443 "POST /bot6653012970:AAHsODmDd2tVP35p7h6MOzl0I0Hq3F4aQQg/sendMessage HTTP/1.1" 200 1101
2023-09-30 00:21:18,618 [ERROR]: \u041e\u0448\u0438\u0431\u043a\u0430 \u043f\u0440\u0438 \u0441\u043e\u0437\u0434\u0430\u043d\u0438\u0438 \u0442\u0430\u0431\u043b\u0438\u0446\u044b: name 'username' is not defined
2023-09-30 00:33:50,842 [DEBUG]: Starting new HTTPS connection (1): api.telegram.org:443
2023-09-30 00:33:51,401 [DEBUG]: https://api.telegram.org:443 "POST /bot6653012970:AAHsODmDd2tVP35p7h6MOzl0I0Hq3F4aQQg/sendMessage HTTP/1.1" 200 1101
2023-09-30 00:55:42,668 [ERROR]: \u041f\u0440\u043e\u0438\u0437\u043e\u0448\u043b\u0430 \u043e\u0448\u0438\u0431\u043a\u0430 \u0432 \u0433\u043b\u0430\u0432\u043d\u043e\u0439 \u0447\u0430\u0441\u0442\u0438 \u043a\u043e\u0434\u0430: too many values to unpack (expected 6)
2023-09-30 00:55:55,839 [ERROR]: \u041f\u0440\u043e\u0438\u0437\u043e\u0448\u043b\u0430 \u043e\u0448\u0438\u0431\u043a\u0430 \u0432 \u0433\u043b\u0430\u0432\u043d\u043e\u0439 \u0447\u0430\u0441\u0442\u0438 \u043a\u043e\u0434\u0430: too many values to unpack (expected 6)
2023-09-30 00:56:50,258 [DEBUG]: Starting new HTTPS connection (1): api.telegram.org:443
2023-09-30 00:56:50,776 [DEBUG]: https://api.telegram.org:443 "POST /bot6653012970:AAHsODmDd2tVP35p7h6MOzl0I0Hq3F4aQQg/sendMessage HTTP/1.1" 200 1101
2023-09-30 01:03:50,442 [DEBUG]: Starting new HTTPS connection (1): api.telegram.org:443
2023-09-30 01:03:50,986 [DEBUG]: https://api.telegram.org:443 "POST /bot6653012970:AAHsODmDd2tVP35p7h6MOzl0I0Hq3F4aQQg/sendMessage HTTP/1.1" 200 1101
2023-09-30 01:03:52,551 [ERROR]: \u041f\u0440\u043e\u0438\u0437\u043e\u0448\u043b\u0430 \u043e\u0448\u0438\u0431\u043a\u0430 \u0432 \u0433\u043b\u0430\u0432\u043d\u043e\u0439 \u0447\u0430\u0441\u0442\u0438 \u043a\u043e\u0434\u0430: No module named 'get_ddos'
2023-09-30 01:04:57,371 [DEBUG]: Starting new HTTPS connection (1): api.telegram.org:443
2023-09-30 01:04:57,905 [DEBUG]: https://api.telegram.org:443 "POST /bot6653012970:AAHsODmDd2tVP35p7h6MOzl0I0Hq3F4aQQg/sendMessage HTTP/1.1" 200 1101
2023-09-30 01:04:59,011 [ERROR]: \u041f\u0440\u043e\u0438\u0437\u043e\u0448\u043b\u0430 \u043e\u0448\u0438\u0431\u043a\u0430 \u0432 \u0433\u043b\u0430\u0432\u043d\u043e\u0439 \u0447\u0430\u0441\u0442\u0438 \u043a\u043e\u0434\u0430: No module named 'get_ddos'
2023-09-30 01:05:29,331 [DEBUG]: Starting new HTTPS connection (1): api.telegram.org:443
2023-09-30 01:05:29,870 [DEBUG]: https://api.telegram.org:443 "POST /bot6653012970:AAHsODmDd2tVP35p7h6MOzl0I0Hq3F4aQQg/sendMessage HTTP/1.1" 200 1101
2023-09-30 01:06:16,144 [DEBUG]: Starting new HTTPS connection (1): api.telegram.org:443
2023-09-30 01:06:16,680 [DEBUG]: https://api.telegram.org:443 "POST /bot6653012970:AAHsODmDd2tVP35p7h6MOzl0I0Hq3F4aQQg/sendMessage HTTP/1.1" 200 1101
2023-09-30 01:06:28,090 [DEBUG]: Starting new HTTPS connection (1): api.telegram.org:443
2023-09-30 01:06:28,588 [DEBUG]: https://api.telegram.org:443 "POST /bot6653012970:AAHsODmDd2tVP35p7h6MOzl0I0Hq3F4aQQg/sendMessage HTTP/1.1" 200 1101
2023-09-30 01:06:32,736 [DEBUG]: Starting new HTTP connection (1): ipwho.is:80
2023-09-30 01:06:32,851 [DEBUG]: http://ipwho.is:80 "GET /8.8.8.8 HTTP/1.1" 200 None
2023-09-30 01:44:17,463 [ERROR]: \u041f\u0440\u043e\u0438\u0437\u043e\u0448\u043b\u0430 \u043e\u0448\u0438\u0431\u043a\u0430 \u0432 \u0433\u043b\u0430\u0432\u043d\u043e\u0439 \u0447\u0430\u0441\u0442\u0438 \u043a\u043e\u0434\u0430: too many values to unpack (expected 6)
2023-09-30 10:26:14,744 [ERROR]: \u041f\u0440\u043e\u0438\u0437\u043e\u0448\u043b\u0430 \u043e\u0448\u0438\u0431\u043a\u0430 \u0432 \u0433\u043b\u0430\u0432\u043d\u043e\u0439 \u0447\u0430\u0441\u0442\u0438 \u043a\u043e\u0434\u0430: too many values to unpack (expected 6)
2023-09-30 10:32:15,127 [ERROR]: \u041f\u0440\u043e\u0438\u0437\u043e\u0448\u043b\u0430 \u043e\u0448\u0438\u0431\u043a\u0430 \u0432 \u0433\u043b\u0430\u0432\u043d\u043e\u0439 \u0447\u0430\u0441\u0442\u0438 \u043a\u043e\u0434\u0430: too many values to unpack (expected 6)
2023-09-30 10:36:07,769 [DEBUG]: Starting new HTTPS connection (1): api.telegram.org:443
2023-09-30 10:36:08,334 [DEBUG]: https://api.telegram.org:443 "POST /bot6653012970:AAHsODmDd2tVP35p7h6MOzl0I0Hq3F4aQQg/sendMessage HTTP/1.1" 200 1101
2023-09-30 10:36:11,771 [ERROR]: \u041f\u0440\u043e\u0438\u0437\u043e\u0448\u043b\u0430 \u043e\u0448\u0438\u0431\u043a\u0430 \u0432 \u0433\u043b\u0430\u0432\u043d\u043e\u0439 \u0447\u0430\u0441\u0442\u0438 \u043a\u043e\u0434\u0430: No module named 'get_ddos'
2023-09-30 10:44:23,766 [ERROR]: \u041f\u0440\u043e\u0438\u0437\u043e\u0448\u043b\u0430 \u043e\u0448\u0438\u0431\u043a\u0430 \u0432 \u0433\u043b\u0430\u0432\u043d\u043e\u0439 \u0447\u0430\u0441\u0442\u0438 \u043a\u043e\u0434\u0430: name 'load_user_data' is not defined
2023-09-30 10:46:18,648 [ERROR]: \u041f\u0440\u043e\u0438\u0437\u043e\u0448\u043b\u0430 \u043e\u0448\u0438\u0431\u043a\u0430 \u0432 \u0433\u043b\u0430\u0432\u043d\u043e\u0439 \u0447\u0430\u0441\u0442\u0438 \u043a\u043e\u0434\u0430: name 'load_user_data' is not defined
2023-09-30 10:48:33,690 [DEBUG]: Starting new HTTPS connection (1): api.telegram.org:443
2023-09-30 10:48:34,225 [DEBUG]: https://api.telegram.org:443 "POST /bot6653012970:AAHsODmDd2tVP35p7h6MOzl0I0Hq3F4aQQg/sendMessage HTTP/1.1" 200 1101
2023-09-30 10:48:35,568 [ERROR]: \u041f\u0440\u043e\u0438\u0437\u043e\u0448\u043b\u0430 \u043e\u0448\u0438\u0431\u043a\u0430 \u0432 \u0433\u043b\u0430\u0432\u043d\u043e\u0439 \u0447\u0430\u0441\u0442\u0438 \u043a\u043e\u0434\u0430: No module named 'httpx'
2023-09-30 10:49:23,781 [DEBUG]: Starting new HTTPS connection (1): api.telegram.org:443
2023-09-30 10:49:24,318 [DEBUG]: https://api.telegram.org:443 "POST /bot6653012970:AAHsODmDd2tVP35p7h6MOzl0I0Hq3F4aQQg/sendMessage HTTP/1.1" 200 1101
2023-09-30 10:49:26,209 [ERROR]: \u041f\u0440\u043e\u0438\u0437\u043e\u0448\u043b\u0430 \u043e\u0448\u0438\u0431\u043a\u0430 \u0432 \u0433\u043b\u0430\u0432\u043d\u043e\u0439 \u0447\u0430\u0441\u0442\u0438 \u043a\u043e\u0434\u0430: No module named 'httpx'
2023-09-30 10:50:15,738 [DEBUG]: Starting new HTTPS connection (1): api.telegram.org:443
2023-09-30 10:50:16,271 [DEBUG]: https://api.telegram.org:443 "POST /bot6653012970:AAHsODmDd2tVP35p7h6MOzl0I0Hq3F4aQQg/sendMessage HTTP/1.1" 200 1101
2023-09-30 10:50:23,255 [DEBUG]: Starting new HTTP connection (1): ipwho.is:80
2023-09-30 10:50:23,381 [DEBUG]: http://ipwho.is:80 "GET /8.8.8.8 HTTP/1.1" 200 None
2023-09-30 10:51:27,730 [DEBUG]: Starting new HTTPS connection (1): api.telegram.org:443
2023-09-30 10:51:28,349 [DEBUG]: https://api.telegram.org:443 "POST /bot6653012970:AAHsODmDd2tVP35p7h6MOzl0I0Hq3F4aQQg/sendMessage HTTP/1.1" 200 1101
2023-09-30 10:51:33,756 [DEBUG]: Starting new HTTP connection (1): ipwho.is:80
2023-09-30 10:51:33,865 [DEBUG]: http://ipwho.is:80 "GET /8.8.8.8 HTTP/1.1" 200 None
2023-09-30 10:52:15,382 [DEBUG]: Starting new HTTPS connection (1): api.telegram.org:443
2023-09-30 10:52:15,911 [DEBUG]: https://api.telegram.org:443 "POST /bot6653012970:AAHsODmDd2tVP35p7h6MOzl0I0Hq3F4aQQg/sendMessage HTTP/1.1" 200 1101
2023-09-30 10:52:20,693 [DEBUG]: Starting new HTTP connection (1): ipwho.is:80
2023-09-30 10:52:20,786 [DEBUG]: http://ipwho.is:80 "GET /8.8.8.8 HTTP/1.1" 200 None
2023-10-16 13:59:40,360 [DEBUG]: Starting new HTTPS connection (1): api.telegram.org:443
2023-10-16 13:59:43,196 [DEBUG]: https://api.telegram.org:443 "POST /bot6653012970:AAHsODmDd2tVP35p7h6MOzl0I0Hq3F4aQQg/sendMessage HTTP/1.1" 401 58
2023-10-16 14:27:40,889 [DEBUG]: Starting new HTTPS connection (1): api.telegram.org:443
2023-10-16 14:27:43,284 [DEBUG]: https://api.telegram.org:443 "POST /bot6653012970:AAHsODmDd2tVP35p7h6MOzl0I0Hq3F4aQQg/sendMessage HTTP/1.1" 401 58
2023-10-29 13:50:08,524 [DEBUG]: Starting new HTTPS connection (1): api.telegram.org:443
2023-10-29 13:50:10,946 [DEBUG]: https://api.telegram.org:443 "POST /bot6653012970:AAHsODmDd2tVP35p7h6MOzl0I0Hq3F4aQQg/sendMessage HTTP/1.1" 401 58
